SeqID	Location	LTR len	Inserted element len	TSR	PBS	PPT	RT	IN (core)	IN (c-term)	RH	Strand	Score	Sharpness	Similarity
Chr1	156935-164480	261,258	7545	TGATC	N-N	7230-7244	N-N	N-N	N-N	N-N	-	6	0.5,0.543	0.927
Chr1	465118-477981	1075,1075	12863	AATAG	N-N	16869-16883	8989-9444	N-N	N-N	N-N	+	7	0.5,0.586	0.999
Chr1	815868-831940	1069,1076	16072	AGGTT	N-N	40809-40823	N-N	N-N	N-N	N-N	+	6	0.557,0.529	0.993
Chr1	832966-839857	402,402	6891	TCCAC	N-N	49441-49455	N-N	N-N	N-N	N-N	+	6	0.514,0.529	0.99
Chr1	905436-910506	262,262	5070	GCTTC	N-N	10212-10226	N-N	N-N	N-N	N-N	+	6	0.557,0.457	0.962
Chr1	939752-953845	358,360	14093	AGTAG	N-N	23448-23462	N-N	N-N	N-N	N-N	+	6	0.557,0.486	0.992
Chr1	944163-953170	656,656	9007	GGAAC	N-N	14824-14838	N-N	N-N	N-N	N-N	-	6	0.429,0.557	0.973
Chr1	2535677-2539063	135,135	3386	TGTTC	N-N	8892-8906	N-N	N-N	N-N	N-N	+	6	0.543,0.486	1
Chr1	2908921-2917721	1073,1073	8800	ATATT	N-N	10036-10050	N-N	N-N	N-N	N-N	-	6	0.557,0.543	1
Chr1	3205015-3219102	3948,3960	14087	ATAGC	N-N	15050-15064	N-N	N-N	N-N	N-N	+	6	0.571,0.543	0.983
Chr1	4469010-4483872	441,441	14862	CGCAT	N-N	29478-29492	39696-40151	N-N	N-N	N-N	-	7	0.5,0.457	1
Chr1	4638957-4645052	504,504	6095	TGTGG	N-N	29462-29476	N-N	N-N	N-N	N-N	-	6	0.529,0.529	1
Chr1	6745811-6758683	1084,1084	12872	CCGTC	N-N	36919-36933	44348-44803	N-N	N-N	N-N	-	7	0.471,0.5	0.994
Chr1	8162776-8168193	1095,1095	5417	CTCAG	N-N	7043-7057	N-N	N-N	N-N	N-N	+	6	0.543,0.529	0.999
Chr1	8457168-8461538	730,733	4370	ATATA	N-N	20760-20774	N-N	N-N	N-N	N-N	+	6	0.414,0.529	0.947
Chr1	8641926-8654727	3164,3165	12801	CGACA	N-N	31463-31477	N-N	N-N	N-N	N-N	+	6	0.5,0.529	0.999
Chr1	8822541-8827744	439,439	5203	ACCTG	N-N	202982-202996	N-N	N-N	N-N	N-N	-	6	0.5,0.5	0.998
Chr1	8862573-8875549	1116,1118	12976	AGTGG	N-N	254375-254389	N-N	N-N	N-N	N-N	+	6	0.5,0.571	0.992
Chr1	8973534-8977944	793,793	4410	CCTTC	N-N	354328-354342	N-N	N-N	N-N	N-N	-	6	0.529,0.5	0.997
Chr1	9214589-9220980	965,965	6391	CATAT	N-N	599970-599984	N-N	N-N	N-N	N-N	+	6	0.471,0.571	0.998
Chr1	9531582-9544426	1106,1103	12844	ATATA	N-N	912712-912726	920074-920529	N-N	N-N	N-N	-	7	0.529,0.571	0.988
Chr1	9619045-9624783	395,396	5738	CATTT	N-N	1004336-1004350	N-N	N-N	N-N	N-N	+	6	0.5,0.571	0.97
Chr1	9942374-9944168	291,291	1794	CTGAT	N-N	1323863-1323877	N-N	N-N	N-N	N-N	+	6	0.514,0.486	0.983
Chr1	9956620-9961024	769,768	4404	CCATA	N-N	1337390-1337404	N-N	N-N	N-N	N-N	-	6	0.529,0.586	0.96
Chr1	9989028-10001967	1257,1257	12939	GGTAT	N-N	1370325-1370339	N-N	N-N	N-N	N-N	-	6	0.629,0.586	0.99
Chr1	10030395-10042892	1001,1001	12497	CATAC	N-N	1411420-1411434	1418643-1419098	N-N	N-N	N-N	-	7	0.6,0.657	0.985
Chr1	10070758-10077181	485,485	6423	TCCCC	N-N	1451257-1451271	N-N	N-N	N-N	N-N	-	6	0.486,0.471	0.998
Chr1	10081801-10097456	519,519	15655	GGTTC	N-N	1462392-1462406	1473258-1473713	N-N	N-N	N-N	-	7	0.486,0.414	0.969
Chr1	10569546-10577773	441,441	8227	ATTTT	N-N	1957243-1957257	N-N	N-N	N-N	N-N	+	6	0.529,0.543	0.998
Chr1	10852351-10864928	1026,1023	12577	CATGT	N-N	2233417-2233431	N-N	N-N	N-N	N-N	-	6	0.586,0.543	0.981
Chr1	10951372-10957823	968,979	6451	TAATT	N-N	2336798-2336812	N-N	N-N	N-N	N-N	+	6	0.529,0.471	0.947
Chr1	11123584-11128979	1090,1087	5395	CATAC	N-N	2507855-2507869	N-N	N-N	N-N	N-N	+	6	0.557,0.586	0.995
Chr1	11300359-11307153	444,446	6794	GTTGA	N-N	2680837-2680851	N-N	N-N	N-N	N-N	-	6	0.514,0.5	0.996
Chr1	11521733-11525129	389,389	3396	GAGTT	N-N	2902202-2902216	N-N	N-N	N-N	N-N	-	6	0.471,0.414	0.961
Chr1	11830915-11839788	632,655	8873	ATATG	N-N	3219115-3219129	N-N	N-N	N-N	N-N	+	6	0.486,0.571	0.928
Chr1	11885777-11893207	440,440	7430	CCGAC	N-N	3266293-3266307	N-N	N-N	N-N	N-N	-	6	0.543,0.529	1
Chr1	12454829-12466853	3104,3148	12024	ACTTG	N-N	3843620-3843634	N-N	N-N	N-N	N-N	+	6	0.529,0.429	0.977
Chr1	12531213-12542830	4390,4389	11617	GACCG	N-N	3915673-3915687	N-N	N-N	N-N	N-N	-	6	0.5,0.529	0.999
Chr1	12598068-12610973	1094,1094	12905	GACAT	N-N	3979186-3979200	3986626-3987081	N-N	N-N	N-N	-	7	0.571,0.529	1
Chr1	12718709-12724834	417,417	6125	ATACG	N-N	4104318-4104332	N-N	N-N	N-N	N-N	+	6	0.557,0.5	0.998
Chr1	12791744-12802322	3167,3167	10578	GCTCA	N-N	4174981-4174995	N-N	N-N	N-N	N-N	-	6	0.5,0.514	1
Chr1	12860729-12867171	963,978	6442	TATGC	N-N	4246147-4246161	N-N	N-N	N-N	N-N	+	6	0.5,0.543	0.984
Chr1	12948189-12960273	3161,3162	12084	CCTCG	N-N	4337026-4337040	N-N	N-N	N-N	N-N	+	6	0.586,0.486	0.998
Chr1	12990581-12996755	858,858	6174	GATAT	N-N	4375883-4375897	N-N	N-N	N-N	N-N	+	6	0.514,0.529	0.997
Chr1	13012817-13026816	3333,3343	13999	AGCAA	N-N	4403390-4403404	N-N	N-N	N-N	N-N	+	6	0.5,0.486	0.996
Chr1	13061026-13068569	3052,3051	7543	GCCAT	N-N	4444164-4444178	N-N	N-N	N-N	N-N	-	6	0.529,0.614	0.998
Chr1	13091666-13107111	1157,1170	15445	GTCAC	N-N	4485862-4485876	N-N	N-N	N-N	N-N	+	6	0.457,0.557	0.95
Chr1	13447622-13452992	313,313	5370	TTCCC	N-N	4832632-4832646	N-N	N-N	N-N	N-N	+	6	0.529,0.543	0.997
Chr1	13459788-13469930	177,177	10142	TTTAG	N-N	4839984-4839998	N-N	N-N	N-N	N-N	-	6	0.457,0.443	0.96
Chr1	13624754-13635013	2637,2637	10259	GAACT	N-N	5012293-5012307	N-N	N-N	N-N	N-N	+	6	0.471,0.486	0.995
Chr1	13643120-13651128	284,283	8008	CCCAT	N-N	5023410-5023424	N-N	N-N	N-N	N-N	-	6	0.5,0.443	0.94
Chr1	13737088-13747290	3170,3169	10202	ATAGA	N-N	5120328-5120342	N-N	N-N	N-N	N-N	-	6	0.529,0.529	0.997
Chr1	13862941-13875812	1079,1079	12871	GATGG	N-N	5254678-5254692	N-N	N-N	N-N	N-N	+	6	0.486,0.514	0.997
Chr1	14490134-14502764	1114,1106	12630	ATTAC	N-N	5881621-5881635	5874048-5874503	N-N	N-N	N-N	+	7	0.586,0.657	0.983
Chr1	14660486-14672570	3155,3151	12084	GAAAC	N-N	6043713-6043727	6045859-6046314	N-N	N-N	N-N	-	7	0.543,0.529	0.999
Chr1	14870335-14876811	995,980	6476	CCCAC	N-N	6251363-6251377	N-N	N-N	N-N	N-N	-	6	0.443,0.414	0.975
Chr1	15036632-15049411	1230,1232	12779	CACCT	N-N	6417886-6417900	6424931-6425386	N-N	N-N	N-N	-	7	0.543,0.571	0.988
Chr1	15301258-15307713	971,983	6455	GAAAG	N-N	6686684-6686698	N-N	N-N	N-N	N-N	+	6	0.557,0.543	0.978
Chr1	15516707-15529222	1039,1031	12515	ACGAT	N-N	6897786-6897800	N-N	N-N	N-N	N-N	-	6	0.543,0.571	0.98
Chr1	15537075-15541245	540,540	4170	AAGTT	N-N	6920644-6920658	N-N	N-N	N-N	N-N	+	6	0.486,0.457	0.948
Chr1	15597283-15605373	442,442	8090	CATAG	N-N	6977759-6977773	N-N	N-N	N-N	N-N	-	6	0.5,0.486	1
Chr1	15864700-15876639	2996,2998	11939	ATTAG	N-N	7247780-7247794	N-N	N-N	N-N	N-N	-	6	0.543,0.529	0.991
Chr1	16040686-16045652	729,729	4966	AAATA	N-N	7424878-7424892	N-N	N-N	N-N	N-N	+	6	0.471,0.486	0.963
Chr1	16159383-16172130	1118,1119	12747	ACATC	N-N	7540506-7540520	7547760-7548215	N-N	N-N	N-N	-	7	0.543,0.614	0.992
Chr1	16196019-16199547	504,506	3528	CCTAA	N-N	7578956-7578970	N-N	N-N	N-N	N-N	+	6	0.529,0.557	0.97
Chr1	16211894-16224359	3103,3103	12465	TACAT	N-N	7595076-7595090	7597215-7597670	N-N	N-N	N-N	-	7	0.514,0.529	0.993
Chr1	16268969-16278417	2741,2768	9448	GTACA	N-N	7651780-7651794	N-N	N-N	N-N	N-N	-	6	0.514,0.514	0.981
Chr1	16307566-16311963	792,781	4397	CATAC	N-N	7688359-7688373	N-N	N-N	N-N	N-N	-	6	0.5,0.543	0.975
Chr1	16437149-16442436	299,295	5287	CCAAT	N-N	7822127-7822141	N-N	N-N	N-N	N-N	+	6	0.529,0.543	0.95
Chr1	16574115-16586632	1084,1089	12517	CCTGC	N-N	7965490-7965504	N-N	N-N	N-N	N-N	+	6	0.543,0.571	0.981
Chr1	16600430-16606821	933,959	6391	TTGCT	N-N	7981365-7981379	N-N	N-N	N-N	N-N	-	6	0.471,0.514	0.921
Chr1	16618257-16629872	3118,3117	11615	ACAAC	N-N	8006678-8006692	N-N	N-N	N-N	N-N	+	6	0.514,0.514	0.987
Chr1	16673349-16678890	412,416	5541	TTAGG	N-N	8053762-8053776	N-N	N-N	N-N	N-N	-	6	0.443,0.5	0.935
Chr1	16733782-16742199	1215,1228	8417	TGATC	N-N	8120944-8120958	N-N	N-N	N-N	N-N	+	6	0.443,0.514	0.963
Chr1	16753659-16758767	577,582	5108	CGAAG	N-N	8134293-8134307	N-N	N-N	N-N	N-N	-	6	0.429,0.429	0.921
Chr1	16756228-16758767	109,109	2539	CGAAG	N-N	8136394-8136408	N-N	N-N	N-N	N-N	-	6	0.514,0.443	0.908
Chr1	16818479-16821654	112,109	3175	ATTAA	N-N	8198596-8198610	N-N	N-N	N-N	N-N	-	6	0.414,0.429	0.893
Chr1	16974769-16979173	792,792	4404	AAGTA	N-N	8358367-8358381	N-N	N-N	N-N	N-N	+	6	0.557,0.443	0.996
Chr1	17051365-17064287	3137,3146	12922	CCGTC	N-N	8441052-8441066	N-N	N-N	N-N	N-N	+	6	0.486,0.5	0.984
Chr1	17128094-17132017	964,974	3923	AAAAA	N-N	8511029-8511043	N-N	N-N	N-N	N-N	+	6	0.5,0.429	0.906
Chr1	17311142-17318896	565,563	7754	TTTGG	N-N	8691779-8691793	8694638-8695093	N-N	N-N	N-N	-	7	0.529,0.514	0.963
Chr1	17327596-17333909	996,1013	6313	ATAGC	N-N	8712843-8712857	N-N	N-N	N-N	N-N	+	6	0.529,0.629	0.974
Chr1	17436254-17442715	985,975	6461	GCCAG	N-N	8817272-8817286	N-N	N-N	N-N	N-N	-	6	0.543,0.514	0.99
Chr1	17524385-17531788	787,787	7403	GGTTT	N-N	8905173-8905187	N-N	N-N	N-N	N-N	-	6	0.571,0.514	0.999
Chr1	17634701-17646374	3145,3141	11673	TATAT	N-N	9017925-9017939	N-N	N-N	N-N	N-N	-	6	0.443,0.543	0.995
Chr1	17665572-17674791	1194,1220	9219	TCCCA	N-N	9046780-9046794	N-N	N-N	N-N	N-N	-	6	0.529,0.529	0.93
Chr1	17773917-17785528	976,976	11611	CCGGT	N-N	9164485-9164499	9157540-9158091	N-N	N-N	N-N	+	7	0.457,0.457	0.968
Chr1	17819711-17833673	576,576	13962	GCTGG	N-N	9200323-9200337	N-N	N-N	N-N	N-N	-	6	0.414,0.457	0.926
Chr1	17887073-17892281	436,436	5208	GACCT	N-N	9271783-9271797	N-N	N-N	N-N	N-N	+	6	0.471,0.557	0.995
Chr1	18080407-18087148	440,427	6741	GGCGG	N-N	9460922-9460936	N-N	N-N	N-N	N-N	-	6	0.529,0.471	0.927
Chr1	18288215-18295921	906,908	7706	TGGGT	N-N	9674999-9675013	N-N	N-N	N-N	N-N	+	6	0.5,0.529	0.992
Chr1	18308353-18319968	3119,3115	11615	GGCTC	N-N	9696775-9696789	N-N	N-N	N-N	N-N	+	6	0.471,0.471	0.99
Chr1	18545937-18553238	421,421	7301	CAGAC	N-N	9932726-9932740	N-N	N-N	N-N	N-N	+	6	0.514,0.471	0.998
Chr1	18909844-18918733	657,655	8889	ACTAT	N-N	10298060-10298074	N-N	N-N	N-N	N-N	+	6	0.443,0.6	0.967
Chr1	19015824-19020841	134,134	5017	TGAAC	N-N	10400637-10400651	N-N	N-N	N-N	N-N	+	6	0.529,0.457	0.985
Chr1	19210370-19226263	1083,1075	15893	ATTTG	N-N	10605151-10605165	10594250-10594705	N-N	N-N	N-N	+	7	0.6,0.543	0.985
Chr1	19440238-19451648	3028,3028	11410	TATAT	N-N	10823345-10823359	10825484-10825939	N-N	N-N	N-N	-	7	0.514,0.557	0.995
Chr1	19555358-19566264	4035,4035	10906	ATAGC	N-N	10939463-10939477	N-N	N-N	N-N	N-N	-	6	0.486,0.529	1
Chr1	19579600-19588987	3171,3169	9387	TTTCT	N-N	10962841-10962855	N-N	N-N	N-N	N-N	-	6	0.529,0.514	0.998
Chr1	19623706-19635029	441,441	11323	GTACC	N-N	11004174-11004188	11010868-11011323	N-N	N-N	N-N	-	7	0.514,0.5	1
Chr1	19651301-19672535	3177,3177	21234	GTTTT	N-N	11034548-11034562	N-N	N-N	N-N	N-N	-	6	0.443,0.543	0.997
Chr1	19657146-19668202	4113,4109	11056	ATGAC	N-N	11044010-11044024	N-N	N-N	N-N	N-N	+	6	0.471,0.5	0.998
Chr1	19754167-19764923	3244,3245	10756	GCAAC	N-N	11141595-11141609	N-N	N-N	N-N	N-N	+	6	0.543,0.486	0.996
Chr1	19790413-19801716	441,441	11303	GTTGG	N-N	11181186-11181200	N-N	N-N	N-N	N-N	+	6	0.557,0.529	1
Chr1	19936057-19948155	3164,3164	12098	GATGC	N-N	11319293-11319307	11321439-11321894	N-N	N-N	N-N	-	7	0.543,0.543	0.998
Chr1	19999257-20011349	3154,3157	12092	GTGAT	N-N	11388107-11388121	N-N	N-N	N-N	N-N	+	6	0.414,0.5	0.997
Chr1	20158734-20170497	3181,3181	11763	AGGAT	N-N	11547224-11547238	N-N	N-N	N-N	N-N	+	6	0.586,0.529	0.999
Chr1	20219980-20231320	564,563	11340	GTTAC	N-N	11610739-11610753	11603937-11604392	N-N	N-N	N-N	+	7	0.486,0.5	0.965
Chr1	20365151-20371606	964,990	6455	TATTG	N-N	11750570-11750584	N-N	N-N	N-N	N-N	+	6	0.529,0.557	0.964
Chr1	20470517-20474996	785,785	4479	TGTAG	N-N	11854197-11854211	N-N	N-N	N-N	N-N	+	6	0.529,0.486	0.975
Chr1	20611257-20617723	985,980	6466	GCCGG	N-N	11992275-11992289	N-N	N-N	N-N	N-N	-	6	0.557,0.5	0.995
Chr1	20672892-20684990	3159,3159	12098	GAGGG	N-N	12061740-12061754	N-N	N-N	N-N	N-N	+	6	0.5,0.571	0.996
Chr1	20756401-20760488	721,727	4087	ATTTG	N-N	12139716-12139730	N-N	N-N	N-N	N-N	+	6	0.443,0.457	0.966
Chr1	20792822-20804142	438,439	11320	GCCTG	N-N	12173338-12173352	12179961-12180416	N-N	N-N	N-N	-	7	0.486,0.5	0.982
Chr1	20835063-20841650	440,440	6587	CCTCA	N-N	12215532-12215546	N-N	N-N	N-N	N-N	-	6	0.529,0.486	0.995
Chr1	20877056-20887347	983,968	10291	GAAAC	N-N	12266330-12266344	N-N	N-N	N-N	N-N	+	6	0.514,0.543	0.968
Chr1	20917845-20922823	788,787	4978	ACTAA	N-N	12298680-12298694	N-N	N-N	N-N	N-N	-	6	0.471,0.514	0.977
Chr1	20963445-20976302	1068,1068	12857	ATATC	N-N	12355197-12355211	N-N	N-N	N-N	N-N	+	6	0.529,0.571	1
Chr1	20998350-21008556	3172,3175	10206	AAAAA	N-N	12381592-12381606	N-N	N-N	N-N	N-N	-	6	0.486,0.529	0.991
Chr1	21048200-21054483	410,410	6283	GAACG	N-N	12428624-12428638	N-N	N-N	N-N	N-N	-	6	0.571,0.457	1
Chr1	21091555-21098774	440,440	7219	AGCAT	N-N	12472071-12472085	N-N	N-N	N-N	N-N	-	6	0.486,0.543	1
Chr1	21205923-21218775	1068,1068	12852	ATGCC	N-N	12587015-12587029	12594457-12594912	N-N	N-N	N-N	-	7	0.543,0.543	1
Chr1	21245234-21258128	1070,1070	12894	GGCGG	N-N	12637003-12637017	N-N	N-N	N-N	N-N	+	6	0.557,0.486	0.999
Chr1	21450437-21463939	3388,3388	13502	AGTAG	N-N	12840452-12840466	N-N	N-N	N-N	N-N	+	6	0.514,0.543	0.999
Chr1	21582074-21594000	2622,2606	11926	TAGG	N-N	12964754-12964768	N-N	N-N	N-N	N-N	-	6	0.557,0.486	0.945
Chr1	21643956-21656847	1104,1104	12891	GATGT	N-N	13035706-13035720	13027853-13028308	N-N	N-N	N-N	+	7	0.529,0.543	1
Chr1	21763714-21769554	417,417	5840	AGCTT	N-N	13149048-13149062	N-N	N-N	N-N	N-N	+	6	0.557,0.457	1
Chr1	21859594-21872878	1282,1308	13284	GGGTG	N-N	13251486-13251500	N-N	N-N	N-N	N-N	+	6	0.443,0.471	0.933
Chr1	21950022-21955961	412,412	5939	ACCGC	N-N	13335506-13335520	N-N	N-N	N-N	N-N	+	6	0.5,0.557	0.998
Chr1	22066547-22073347	102,103	6800	AATA	N-N	13453209-13453223	N-N	N-N	N-N	N-N	+	6	0.486,0.471	0.951
Chr1	22294732-22301184	964,987	6452	GAAAT	N-N	13680151-13680165	N-N	N-N	N-N	N-N	+	6	0.457,0.414	0.972
Chr1	22400917-22412378	569,569	11461	CATAT	N-N	13791791-13791805	13784937-13785392	N-N	N-N	N-N	+	7	0.414,0.486	0.949
Chr1	22508719-22520663	2997,2998	11944	GCGCC	N-N	13891800-13891814	N-N	N-N	N-N	N-N	-	6	0.529,0.457	0.996
Chr1	23127497-23137437	3166,3165	9940	GACAT	N-N	14510733-14510747	N-N	N-N	N-N	N-N	-	6	0.529,0.557	0.998
Chr1	23474450-23483915	3607,3607	9465	TACCT	N-N	14860209-14860223	N-N	N-N	N-N	N-N	+	6	0.457,0.457	0.995
Chr1	23502318-23508734	977,938	6416	CTCAC	N-N	14883328-14883342	N-N	N-N	N-N	N-N	-	6	0.514,0.471	0.951
Chr1	23593880-23606771	1082,1080	12891	GACAT	N-N	14985654-14985668	14977772-14978227	N-N	N-N	N-N	+	7	0.586,0.543	0.998
Chr1	24742856-24748434	1268,1262	5578	GGGTG	N-N	16124164-16124178	N-N	N-N	N-N	N-N	-	6	0.586,0.643	0.985
Chr1	24774793-24779567	209,209	4774	ATCCT	N-N	16159344-16159358	N-N	N-N	N-N	N-N	+	6	0.514,0.586	0.995
Chr1	25099691-25112576	1210,1199	12885	GTAGC	N-N	16491340-16491354	16483692-16484147	N-N	N-N	N-N	+	7	0.529,0.529	0.984
Chr1	25566857-25573312	492,492	6455	GTGGG	N-N	16947363-16947377	N-N	N-N	N-N	N-N	-	6	0.557,0.671	1
Chr1	25653447-25664751	441,441	11304	CTTTG	N-N	17044293-17044307	17037154-17037609	N-N	N-N	N-N	+	7	0.5,0.5	1
Chr1	25709289-25714504	357,357	5215	AGAG	N-N	17094133-17094147	N-N	N-N	N-N	N-N	+	6	0.5,0.529	1
Chr1	25804390-25816368	2978,3002	11978	ATCGG	N-N	17193268-17193282	N-N	N-N	N-N	N-N	+	6	0.6,0.486	0.99
Chr1	25937890-25947352	1092,1094	9462	ATGAT	N-N	17326203-17326217	N-N	N-N	N-N	N-N	+	6	0.571,0.543	0.998
Chr1	26015187-26027991	1053,1053	12804	GGATA	N-N	17396264-17396278	17403688-17404143	N-N	N-N	N-N	-	7	0.514,0.643	0.997
Chr1	26542779-26557892	2989,2989	15113	GGGCT	N-N	17925847-17925861	17927987-17928442	N-N	N-N	N-N	-	7	0.529,0.5	0.998
Chr1	26665885-26678726	1084,1084	12841	ACCTC	N-N	18057605-18057619	18049764-18050219	N-N	N-N	N-N	+	7	0.529,0.586	1
Chr1	26848660-26861531	1077,1077	12871	GGAAC	N-N	18229761-18229775	18237201-18237656	N-N	N-N	N-N	-	7	0.529,0.6	1
Chr1	26942850-26954865	3010,3008	12015	ACGTG	N-N	18325945-18325959	N-N	N-N	N-N	N-N	-	6	0.5,0.5	0.999
Chr1	26980172-26991447	4190,4192	11275	TAAAG	N-N	18367172-18367186	N-N	N-N	N-N	N-N	+	6	0.6,0.443	0.998
Chr1	27399715-27408719	3379,3371	9004	GTTAA	N-N	18785333-18785347	N-N	N-N	N-N	N-N	+	6	0.514,0.514	0.994
Chr1	27440229-27451546	4213,4212	11317	CTAGG	N-N	18824512-18824526	N-N	N-N	N-N	N-N	-	6	0.5,0.557	0.998
Chr1	27899250-27905682	973,958	6432	TCAGA	N-N	19280256-19280270	N-N	N-N	N-N	N-N	-	6	0.443,0.5	0.982
Chr1	28305311-28307064	264,263	1753	TCTA	N-N	19686768-19686782	N-N	N-N	N-N	N-N	+	6	0.443,0.429	0.936
Chr1	28337720-28342905	423,423	5185	GGCTT	N-N	19722467-19722481	N-N	N-N	N-N	N-N	+	6	0.543,0.457	0.988
Chr1	28712400-28724797	1327,1328	12397	CCACC	N-N	20103416-20103430	N-N	N-N	N-N	N-N	+	6	0.529,0.443	0.989
Chr1	28735358-28738561	378,336	3203	TATCG	N-N	20115737-20115751	N-N	N-N	N-N	N-N	-	6	0.471,0.471	0.857
Chr1	28839999-28846437	959,978	6438	CTGCT	N-N	20225413-20225427	N-N	N-N	N-N	N-N	+	6	0.5,0.514	0.98
Chr1	28995849-29007333	3049,3051	11484	GCCGG	N-N	20378977-20378991	20381116-20381571	N-N	N-N	N-N	-	7	0.529,0.5	0.991
Chr1	29083647-29096564	1225,1221	12917	CCAAG	N-N	20464912-20464926	N-N	N-N	N-N	N-N	-	6	0.529,0.543	0.982
Chr1	29253360-29262105	3564,3564	8745	GTGTT	N-N	20637010-20637024	N-N	N-N	N-N	N-N	-	6	0.586,0.529	1
Chr1	29344269-29357185	1088,1089	12916	GGGCT	N-N	20736059-20736073	20728081-20728608	N-N	N-N	N-N	+	7	0.5,0.457	0.992
Chr1	29789785-29800955	127,127	11170	CATAG	N-N	21180742-21180756	N-N	N-N	N-N	N-N	+	6	0.429,0.429	0.937
Chr1	29881330-29886605	461,462	5275	AAACA	N-N	21261793-21261807	N-N	N-N	N-N	N-N	-	6	0.6,0.529	0.989
Chr1	30432459-30445246	1100,1100	12787	GAGTA	N-N	21824090-21824104	N-N	N-N	N-N	N-N	+	6	0.486,0.571	0.995
Chr1	30801081-30803196	279,279	2115	GCTTG	N-N	22182884-22182898	N-N	N-N	N-N	N-N	+	6	0.514,0.471	0.925
Chr1	31019517-31031058	3076,3078	11541	CGACG	N-N	22402672-22402686	N-N	N-N	N-N	N-N	-	6	0.557,0.471	0.997
Chr1	31122311-31127327	134,134	5016	ATAAT	N-N	22502496-22502510	N-N	N-N	N-N	N-N	-	6	0.529,0.514	1
Chr1	31138209-31151884	745,745	13675	CAGCT	N-N	22519028-22519042	22527402-22527857	N-N	N-N	N-N	-	7	0.514,0.529	0.993
Chr1	31234275-31239063	173,173	4788	AATGG	N-N	22618876-22618890	N-N	N-N	N-N	N-N	+	6	0.5,0.557	0.994
Chr1	31438711-31451540	1080,1081	12829	CCGAG	N-N	22830403-22830417	N-N	N-N	N-N	N-N	+	6	0.543,0.557	0.991
Chr1	31907045-31911761	375,373	4716	TTCTG	N-N	23291374-23291388	N-N	N-N	N-N	N-N	+	6	0.514,0.443	0.981
Chr1	32205106-32216712	1033,1021	11606	GCTAG	N-N	23586179-23586193	N-N	N-N	N-N	N-N	-	6	0.557,0.557	0.979
Chr1	32517696-32522076	792,792	4380	TGATT	N-N	23901270-23901284	N-N	N-N	N-N	N-N	+	6	0.557,0.486	0.982
Chr1	33118231-33119879	126,126	1648	CAGCT	N-N	24499664-24499678	N-N	N-N	N-N	N-N	+	6	0.543,0.471	0.984
Chr1	33138859-33140507	126,126	1648	CAGCT	N-N	24520292-24520306	N-N	N-N	N-N	N-N	+	6	0.543,0.471	0.984
Chr1	33416686-33426962	536,563	10276	ATATT	N-N	24806381-24806395	N-N	N-N	N-N	N-N	+	6	0.443,0.457	0.925
Chr1	33850343-33861899	3103,3101	11556	CGCCT	N-N	25233525-25233539	N-N	N-N	N-N	N-N	-	6	0.6,0.543	0.998
Chr1	33979587-33988977	980,990	9390	AAATC	N-N	25367972-25367986	N-N	N-N	N-N	N-N	+	6	0.514,0.443	0.944
Chr1	34235576-34238690	398,398	3114	AAGAT	N-N	25616028-25616042	N-N	N-N	N-N	N-N	-	6	0.514,0.486	0.962
Chr1	34264466-34274851	412,413	10385	CATGT	N-N	25654424-25654438	N-N	N-N	N-N	N-N	+	6	0.529,0.514	0.981
Chr1	34335608-34348067	5210,5212	12459	CGGGG	N-N	25722761-25722775	N-N	N-N	N-N	N-N	+	6	0.543,0.514	0.999
Chr1	34749699-34761114	438,438	11415	ATAGA	N-N	26130171-26130185	N-N	N-N	N-N	N-N	-	6	0.571,0.514	0.993
Chr1	34821554-34831266	1080,1080	9712	CCGTG	N-N	26202658-26202672	26206936-26207391	N-N	N-N	N-N	-	7	0.529,0.5	1
Chr1	34970464-34976124	454,455	5660	GAGAG	N-N	26355655-26355669	N-N	N-N	N-N	N-N	+	6	0.457,0.486	0.978
Chr1	35035891-35049049	1213,1212	13158	AAATA	N-N	26417128-26417142	26424590-26425045	N-N	N-N	N-N	-	7	0.6,0.557	0.991
Chr1	35277694-35289769	3158,3159	12075	CCCTC	N-N	26666525-26666539	26663938-26664393	N-N	N-N	N-N	+	7	0.6,0.514	0.999
Chr1	35443197-35456620	3623,3621	13423	CTGCT	N-N	26832907-26832921	N-N	N-N	N-N	N-N	+	6	0.529,0.471	0.999
Chr1	35668085-35680959	1255,1256	12874	ATAAT	N-N	27049364-27049378	27056464-27056919	N-N	N-N	N-N	-	7	0.571,0.6	0.99
Chr1	36032798-36036679	714,715	3881	GCGCG	N-N	27415919-27415933	N-N	N-N	N-N	N-N	+	6	0.457,0.471	0.944
Chr1	36545267-36557253	3001,2995	11986	CTCAC	N-N	27934159-27934173	N-N	N-N	N-N	N-N	+	6	0.5,0.529	0.993
Chr1	36572893-36585388	3125,3123	12495	GGGTC	N-N	27956097-27956111	27958236-27958691	N-N	N-N	N-N	-	7	0.529,0.557	0.997
Chr1	37164037-37170349	417,413	6312	CCAAA	N-N	28549922-28549936	N-N	N-N	N-N	N-N	+	6	0.471,0.5	0.971
Chr1	37207138-37221285	3958,3945	14147	TTTTC	N-N	28597280-28597294	N-N	N-N	N-N	N-N	+	6	0.529,0.5	0.983
Chr1	37429066-37440178	514,532	11112	ACATG	N-N	28809652-28809666	28815952-28816407	N-N	N-N	N-N	-	7	0.486,0.457	0.923
Chr1	37479505-37483937	1245,1229	4432	GCCTT	N-N	28862639-28862653	N-N	N-N	N-N	N-N	+	6	0.614,0.5	0.945
Chr1	37489562-37502481	1082,1082	12919	GCATA	N-N	28881362-28881376	28873434-28873895	N-N	N-N	N-N	+	7	0.514,0.586	0.996
Chr1	37822295-37824258	324,351	1963	ATAAT	N-N	29203875-29203889	N-N	N-N	N-N	N-N	+	6	0.471,0.514	0.889
Chr1	38345513-38359036	745,745	13523	CACAC	N-N	29726332-29726346	29734512-29734967	N-N	N-N	N-N	-	7	0.543,0.514	0.997
Chr1	38580953-38592238	437,437	11285	ATCGG	N-N	29971712-29971726	N-N	N-N	N-N	N-N	+	6	0.5,0.486	0.986
Chr1	38772235-38786807	558,562	14572	AATAT	N-N	30152798-30152812	N-N	N-N	N-N	N-N	-	6	0.429,0.5	0.952
Chr1	39336544-39341460	255,255	4916	GTGAG	N-N	30721181-30721195	N-N	N-N	N-N	N-N	+	6	0.543,0.529	0.988
Chr1	39403042-39407757	219,219	4715	GCAGA	N-N	30787498-30787512	N-N	N-N	N-N	N-N	+	6	0.543,0.557	1
Chr1	39709832-39718262	550,529	8430	TATTA	N-N	31090387-31090401	N-N	N-N	N-N	N-N	-	6	0.486,0.514	0.935
Chr1	39746760-39760752	3956,3871	13992	GGGCG	N-N	31136790-31136804	N-N	N-N	N-N	N-N	+	6	0.514,0.529	0.964
Chr1	40041745-40047018	1040,1061	5273	CGGTG	N-N	31422828-31422842	N-N	N-N	N-N	N-N	-	6	0.471,0.486	0.976
Chr1	40374496-40378442	1392,1392	3946	AAAAC	N-N	31756967-31756981	N-N	N-N	N-N	N-N	+	6	0.543,0.457	0.973
Chr1	40853069-40858186	360,360	5117	ATTTT	N-N	32233488-32233502	N-N	N-N	N-N	N-N	-	6	0.529,0.443	0.986
Chr1	41030617-41035988	1071,1071	5371	GGCGG	N-N	32411730-32411744	N-N	N-N	N-N	N-N	-	6	0.643,0.6	0.996
Chr1	41409812-41422654	1076,1076	12842	CTTTC	N-N	32790912-32790926	32798328-32798783	N-N	N-N	N-N	-	7	0.471,0.514	0.998
Chr1	41422817-41434465	3130,3130	11648	GTGGT	N-N	32811243-32811257	N-N	N-N	N-N	N-N	+	6	0.6,0.529	0.999
Chr1	41752711-41757630	788,788	4919	GATAT	N-N	33136782-33136796	N-N	N-N	N-N	N-N	+	6	0.457,0.571	0.997
Chr1	42507644-42520520	3328,3328	12876	ATTAA	N-N	33897100-33897114	N-N	N-N	N-N	N-N	+	6	0.543,0.5	0.999
Chr1	42527445-42532199	329,339	4754	GGTAG	N-N	33907813-33907827	N-N	N-N	N-N	N-N	-	6	0.5,0.5	0.892
Chr1	42785987-42793752	442,442	7765	AGTTT	N-N	34166463-34166477	N-N	N-N	N-N	N-N	-	6	0.529,0.471	0.989
Chr1	42887770-42903183	1078,1078	15413	ACCCA	N-N	34268872-34268886	34273469-34273924	N-N	N-N	N-N	-	7	0.586,0.514	0.999
Chr1	42895593-42900974	1083,1082	5381	GTATA	N-N	34276718-34276732	N-N	N-N	N-N	N-N	-	6	0.5,0.557	0.999
Chr1	43026344-43039301	1240,1242	12957	TATTG	N-N	34407627-34407641	N-N	N-N	N-N	N-N	-	6	0.657,0.486	0.996
Chr1	43256447-43269331	1085,1086	12884	GATCA	N-N	34648208-34648222	34640329-34640784	N-N	N-N	N-N	+	7	0.571,0.529	0.988
Chr2	138438-144888	979,970	6450	TATAC	N-N	59450-59464	N-N	N-N	N-N	N-N	-	6	0.486,0.471	0.974
Chr2	320583-331915	441,441	11332	GTTAT	N-N	11401-11415	4305-4760	N-N	N-N	N-N	+	7	0.514,0.514	0.995
Chr2	1767932-1772818	204,204	4886	AATGG	N-N	48198-48212	N-N	N-N	N-N	N-N	-	6	0.586,0.5	0.995
Chr2	1802031-1814984	1088,1088	12953	TAGGT	N-N	3143-3157	10646-11101	N-N	N-N	N-N	-	7	0.614,0.471	0.997
Chr2	3433920-3439687	386,386	5767	ATTAG	N-N	49250-49264	N-N	N-N	N-N	N-N	+	6	0.471,0.529	0.99
Chr2	3460424-3465909	177,177	5485	AAAGC	N-N	10629-10643	N-N	N-N	N-N	N-N	-	6	0.5,0.5	0.972
Chr2	3897341-3908645	443,443	11304	CTTCG	N-N	28113-28127	N-N	N-N	N-N	N-N	+	6	0.471,0.5	0.998
Chr2	3911178-3924049	1080,1080	12871	ATATG	N-N	32282-32296	39719-40174	N-N	N-N	N-N	-	7	0.571,0.5	0.999
Chr2	5427913-5439366	562,563	11453	ATCAT	N-N	38480-38494	44956-45411	N-N	N-N	N-N	-	7	0.471,0.514	0.977
Chr2	6860368-6866763	485,485	6395	AAGAT	N-N	40867-40881	N-N	N-N	N-N	N-N	-	6	0.543,0.643	1
