# args=-minlenltr 100 -maxlenltr 7000
# predictions are reported in the following way
# s(ret) e(ret) l(ret) s(lLTR) e(lLTR) l(lLTR) s(rLTR) e(rLTR) l(rLTR) sim(LTRs) seq-id
# where:
# s = starting position
# e = ending position
# l = length
# ret = LTR-retrotransposon
# lLTR = left LTR
# rLTR = right LTR
# sim = similarity
# seq-id = sequence identifier

245211 247893 2683 245211 246240 1030 246852 247893 1042 95.97 Chr1
274446 284053 9608 274446 275019 574 283475 284053 579 96.72 Chr1
465118 477981 12864 465118 466193 1076 476904 477981 1078 99.63 Chr1
487006 493927 6922 487006 487416 411 493513 493927 415 94.94 Chr1
816127 831806 15680 816127 816807 681 831122 831806 685 99.42 Chr1
832967 839857 6891 832967 833368 402 839456 839857 402 99.00 Chr1
905437 910506 5070 905437 905698 262 910245 910506 262 95.80 Chr1
939753 953845 14093 939753 940110 358 953486 953845 360 99.17 Chr1
954317 969355 15039 954317 954454 138 969216 969355 140 92.86 Chr1
1161455 1163495 2041 1161455 1161649 195 1163299 1163495 197 88.83 Chr1
1258213 1264026 5814 1258213 1258445 233 1263791 1264026 236 98.31 Chr1
1351776 1355695 3920 1351776 1351904 129 1355552 1355695 144 86.81 Chr1
1382717 1385308 2592 1382717 1383002 286 1385029 1385308 280 95.10 Chr1
1944468 1949462 4995 1944468 1944934 467 1949004 1949462 459 92.29 Chr1
2010277 2011578 1302 2010277 2010385 109 2011471 2011578 108 88.99 Chr1
2026190 2028275 2086 2026190 2026593 404 2027870 2028275 406 90.89 Chr1
2031735 2034322 2588 2031735 2031881 147 2034180 2034322 143 90.48 Chr1
2180778 2193433 12656 2180778 2181674 897 2192539 2193433 895 99.55 Chr1
2196023 2197548 1526 2196023 2196128 106 2197445 2197548 104 89.62 Chr1
2222371 2229527 7157 2222371 2222588 218 2229302 2229527 226 93.81 Chr1
2535678 2539063 3386 2535678 2535812 135 2538929 2539063 135 100.00 Chr1
2646814 2650596 3783 2646814 2646921 108 2650495 2650596 102 87.04 Chr1
2674952 2687655 12704 2674952 2675298 347 2687310 2687655 346 96.54 Chr1
2723334 2729605 6272 2723334 2723564 231 2729364 2729605 242 85.12 Chr1
2816288 2818892 2605 2816288 2816392 105 2818786 2818892 107 90.65 Chr1
2832594 2835620 3027 2832594 2832807 214 2835405 2835620 216 87.04 Chr1
2908922 2917721 8800 2908922 2909994 1073 2916649 2917721 1073 100.00 Chr1
3014208 3016430 2223 3014208 3014704 497 3015934 3016430 497 88.53 Chr1
3229893 3235692 5800 3229893 3230121 229 3235463 3235692 230 96.09 Chr1
3242287 3257151 14865 3242287 3243119 833 3256318 3257151 834 93.41 Chr1
3300099 3303449 3351 3300099 3300360 262 3303189 3303449 261 90.84 Chr1
3692573 3695367 2795 3692573 3692713 141 3695227 3695367 141 87.94 Chr1
4310012 4314455 4444 4310012 4310456 445 4314006 4314455 450 92.67 Chr1
4469011 4483872 14862 4469011 4469451 441 4483432 4483872 441 100.00 Chr1
4638958 4645053 6096 4638958 4639462 505 4644549 4645053 505 100.00 Chr1
4804527 4815852 11326 4804527 4804675 149 4815707 4815852 146 85.91 Chr1
5074040 5081577 7538 5074040 5074169 130 5081451 5081577 127 96.15 Chr1
5184610 5186735 2126 5184610 5184924 315 5186430 5186735 306 97.14 Chr1
5193518 5197595 4078 5193518 5193778 261 5197343 5197595 253 91.57 Chr1
5621169 5629838 8670 5621169 5621315 147 5629693 5629838 146 87.07 Chr1
6310542 6312160 1619 6310542 6311160 619 6311549 6312160 612 88.85 Chr1
6366031 6378531 12501 6366031 6366289 259 6378267 6378531 265 95.85 Chr1
6382854 6384971 2118 6382854 6382962 109 6384860 6384971 112 89.29 Chr1
6415985 6417298 1314 6415985 6416089 105 6417194 6417298 105 91.43 Chr1
6512474 6518671 6198 6512474 6512586 113 6518560 6518671 112 88.50 Chr1
6713523 6717770 4248 6713523 6714112 590 6717185 6717770 586 87.29 Chr1
6719653 6728557 8905 6719653 6720004 352 6728194 6728557 364 89.29 Chr1
6745812 6758683 12872 6745812 6746895 1084 6757600 6758683 1084 99.45 Chr1
7198093 7204874 6782 7198093 7198295 203 7204668 7204874 207 93.72 Chr1
7598326 7599893 1568 7598326 7598444 119 7599773 7599893 121 86.78 Chr1
7619559 7630574 11016 7619559 7619813 255 7630325 7630574 250 87.84 Chr1
8033663 8039136 5474 8033663 8034488 826 8038323 8039136 814 97.94 Chr1
8162777 8168194 5418 8162777 8163876 1100 8167095 8168194 1100 99.18 Chr1
8236440 8239528 3089 8236440 8236731 292 8239239 8239528 290 86.30 Chr1
8457442 8461534 4093 8457442 8457898 457 8461073 8461534 462 93.51 Chr1
8641926 8654727 12802 8641926 8645090 3165 8651555 8654727 3173 99.72 Chr1
8822542 8827745 5204 8822542 8822981 440 8827306 8827745 440 99.77 Chr1
8862574 8875550 12977 8862574 8863700 1127 8874432 8875550 1119 98.31 Chr1
8973514 8977949 4436 8973514 8974341 828 8977136 8977949 814 97.34 Chr1
9039806 9041723 1918 9039806 9040131 326 9041396 9041723 328 91.16 Chr1
9046032 9048711 2680 9046032 9046367 336 9048368 9048711 344 92.15 Chr1
9124266 9132660 8395 9124266 9124771 506 9132156 9132660 505 98.42 Chr1
9214590 9220981 6392 9214590 9215556 967 9220014 9220981 968 99.38 Chr1
9286167 9295966 9800 9286167 9286468 302 9295665 9295966 302 88.08 Chr1
9303886 9309830 5945 9303886 9304107 222 9309619 9309830 212 87.84 Chr1
9361053 9362962 1910 9361053 9361331 279 9362688 9362962 275 97.49 Chr1
9409129 9416727 7599 9409129 9409430 302 9416432 9416727 296 96.03 Chr1
9531582 9544428 12847 9531582 9532691 1110 9543323 9544428 1106 98.65 Chr1
9619046 9624783 5738 9619046 9619440 395 9624388 9624783 396 96.97 Chr1
9655366 9659731 4366 9655366 9655707 342 9659389 9659731 343 93.00 Chr1
9826762 9832291 5530 9826762 9826921 160 9832133 9832291 159 93.75 Chr1
9835858 9846046 10189 9835858 9837805 1948 9844100 9846046 1947 96.71 Chr1
9942375 9944169 1795 9942375 9942668 294 9943873 9944169 297 95.96 Chr1
9956621 9961025 4405 9956621 9957392 772 9960252 9961025 774 94.83 Chr1
9989028 10001967 12940 9989028 9990285 1258 10000705 10001967 1263 98.57 Chr1
10030395 10042892 12498 10030395 10031396 1002 10041888 10042892 1005 98.21 Chr1
10056636 10058053 1418 10056636 10056828 193 10057863 10058053 191 92.23 Chr1
10070759 10077194 6436 10070759 10071254 496 10076690 10077194 505 97.03 Chr1
10145617 10151731 6115 10145617 10145974 358 10151370 10151731 362 94.75 Chr1
10411858 10426422 14565 10411858 10412857 1000 10425418 10426422 1005 97.31 Chr1
10537615 10548449 10835 10537615 10538600 986 10547464 10548449 986 94.52 Chr1
10569547 10577773 8227 10569547 10569987 441 10577333 10577773 441 99.77 Chr1
10646823 10648761 1939 10646823 10647667 845 10647914 10648761 848 93.04 Chr1
10713461 10720898 7438 10713461 10713624 164 10720731 10720898 168 93.45 Chr1
10731667 10742490 10824 10731667 10733573 1907 10740583 10742490 1908 96.23 Chr1
10768297 10776351 8055 10768297 10768490 194 10776163 10776351 189 88.14 Chr1
10784386 10797432 13047 10784386 10787317 2932 10794491 10797432 2942 99.29 Chr1
10852352 10864928 12577 10852352 10853377 1026 10863906 10864928 1023 98.05 Chr1
10947417 10949283 1867 10947417 10947521 105 10949176 10949283 108 85.19 Chr1
11066435 11079433 12999 11066435 11066551 117 11079314 11079433 120 85.00 Chr1
11141626 11152912 11287 11141626 11142072 447 11152472 11152912 441 94.85 Chr1
11195444 11197296 1853 11195444 11195625 182 11197113 11197296 184 95.65 Chr1
11242796 11244167 1372 11242796 11243011 216 11243960 11244167 208 89.81 Chr1
11300360 11307154 6795 11300360 11300805 446 11306708 11307154 447 99.33 Chr1
11381563 11393170 11608 11381563 11382266 704 11392464 11393170 707 92.93 Chr1
11521734 11525130 3397 11521734 11522128 395 11524740 11525130 391 94.18 Chr1
11548800 11554819 6020 11548800 11548912 113 11554704 11554819 116 87.07 Chr1
11830989 11839798 8810 11830989 11831556 568 11839237 11839798 562 92.25 Chr1
11841013 11845268 4256 11841013 11841721 709 11844561 11845268 708 94.64 Chr1
11885777 11893207 7431 11885777 11886217 441 11892766 11893207 442 99.77 Chr1
11929261 11938649 9389 11929261 11929392 132 11938527 11938649 123 87.88 Chr1
11947973 11951790 3818 11947973 11948362 390 11951401 11951790 390 96.41 Chr1
12007084 12018968 11885 12007084 12008031 948 12018016 12018968 953 98.32 Chr1
12042961 12052297 9337 12042961 12043327 367 12051940 12052297 358 95.10 Chr1
12068323 12075037 6715 12068323 12068748 426 12074622 12075037 416 89.44 Chr1
12165954 12172117 6164 12165954 12166488 535 12171570 12172117 548 91.42 Chr1
12195957 12199236 3280 12195957 12196138 182 12199052 12199236 185 94.05 Chr1
12220850 12231675 10826 12220850 12220960 111 12231559 12231675 117 88.89 Chr1
12311175 12314513 3339 12311175 12311367 193 12314317 12314513 197 89.34 Chr1
12409234 12414455 5222 12409234 12409441 208 12414253 12414455 203 97.12 Chr1
12434099 12437363 3265 12434099 12434541 443 12436921 12437363 443 97.97 Chr1
12454825 12465625 10801 12454825 12456744 1920 12463704 12465625 1922 98.75 Chr1
12503095 12518300 15206 12503095 12503344 250 12518055 12518300 246 88.00 Chr1
12531214 12542831 11618 12531214 12535608 4395 12538442 12542831 4390 99.77 Chr1
12568555 12581410 12856 12568555 12568678 124 12581293 12581410 118 87.90 Chr1
12598069 12610974 12906 12598069 12599163 1095 12609880 12610974 1095 100.00 Chr1
12637578 12639303 1726 12637578 12637764 187 12639122 12639303 182 85.56 Chr1
12662854 12669950 7097 12662854 12663150 297 12669666 12669950 285 86.20 Chr1
12718710 12724835 6126 12718710 12719129 420 12724416 12724835 420 98.81 Chr1
12757003 12758888 1886 12757003 12757316 314 12758569 12758888 320 91.56 Chr1
12791744 12802322 10579 12791744 12794911 3168 12799152 12802322 3171 99.87 Chr1
12899764 12904869 5106 12899764 12900093 330 12904539 12904869 331 99.40 Chr1
12948190 12960273 12084 12948190 12951350 3161 12957112 12960273 3162 99.84 Chr1
12990562 12996748 6187 12990562 12991439 878 12995886 12996748 863 97.72 Chr1
13012828 13024059 11232 13012828 13013407 580 13023474 13024059 586 97.44 Chr1
13029347 13041699 12353 13029347 13031665 2319 13039385 13041699 2315 98.58 Chr1
13043547 13051923 8377 13043547 13044508 962 13050959 13051923 965 94.30 Chr1
13061026 13068569 7544 13061026 13064078 3053 13065518 13068569 3052 99.84 Chr1
13076301 13089791 13491 13076301 13077111 811 13088986 13089791 806 97.53 Chr1
13091661 13106786 15126 13091661 13092515 855 13105942 13106786 845 95.20 Chr1
13110758 13117544 6787 13110758 13111197 440 13117108 13117544 437 92.27 Chr1
13126396 13129352 2957 13126396 13126510 115 13129237 13129352 116 86.21 Chr1
13179186 13191182 11997 13179186 13179448 263 13190922 13191182 261 96.58 Chr1
13193779 13196164 2386 13193779 13194162 384 13195781 13196164 384 90.36 Chr1
13220153 13235048 14896 13220153 13220715 563 13234490 13235048 559 95.38 Chr1
13331380 13336506 5127 13331380 13331479 100 13336403 13336506 104 89.42 Chr1
13415319 13417574 2256 13415319 13415928 610 13416968 13417574 607 96.56 Chr1
13423842 13438163 14322 13423842 13423957 116 13438048 13438163 116 90.52 Chr1
13459789 13469931 10143 13459789 13459966 178 13469754 13469931 178 96.07 Chr1
13492675 13503192 10518 13492675 13493115 441 13502744 13503192 449 97.10 Chr1
13542955 13547838 4884 13542955 13543185 231 13547598 13547838 241 86.72 Chr1
13618453 13622563 4111 13618453 13619175 723 13621841 13622563 723 92.95 Chr1
13624757 13635016 10260 13624757 13627399 2643 13632369 13635016 2648 98.83 Chr1
13643119 13651012 7894 13643119 13643287 169 13650846 13651012 167 92.31 Chr1
13738473 13751238 12766 13738473 13738744 272 13750963 13751238 276 92.75 Chr1
13811118 13815084 3967 13811118 13811249 132 13814950 13815084 135 88.89 Chr1
13852988 13854347 1360 13852988 13853190 203 13854150 13854347 198 92.12 Chr1
13862942 13875813 12872 13862942 13864021 1080 13874734 13875813 1080 99.72 Chr1
13951778 13954262 2485 13951778 13952980 1203 13953052 13954262 1211 95.95 Chr1
13963282 13970842 7561 13963282 13963923 642 13970194 13970842 649 95.84 Chr1
13998235 14008988 10754 13998235 13998632 398 14008592 14008988 397 94.72 Chr1
14039430 14053499 14070 14039430 14039632 203 14053292 14053499 208 87.02 Chr1
14065308 14066877 1570 14065308 14065436 129 14066744 14066877 134 91.04 Chr1
14089006 14094670 5665 14089006 14089397 392 14094272 14094670 399 95.24 Chr1
14252975 14262345 9371 14252975 14253119 145 14262196 14262345 150 90.00 Chr1
14335547 14338799 3253 14335547 14336467 921 14337877 14338799 923 95.12 Chr1
14418366 14422365 4000 14418366 14418481 116 14422249 14422365 117 88.03 Chr1
14451194 14464466 13273 14451194 14451377 184 14464283 14464466 184 94.02 Chr1
14535191 14543736 8546 14535191 14535522 332 14543415 14543736 322 93.37 Chr1
14551723 14566823 15101 14551723 14553647 1925 14564898 14566823 1926 99.27 Chr1
14602097 14617132 15036 14602097 14602994 898 14616241 14617132 892 89.42 Chr1
14650544 14658451 7908 14650544 14650979 436 14658005 14658451 447 91.50 Chr1
14660486 14672308 11823 14660486 14663376 2891 14669416 14672308 2893 99.86 Chr1
14712617 14720659 8043 14712617 14713061 445 14720218 14720659 442 96.40 Chr1
14725037 14731474 6438 14725037 14725260 224 14731251 14731474 224 85.71 Chr1
14840313 14850277 9965 14840313 14840641 329 14849949 14850277 329 89.67 Chr1
14870340 14876615 6276 14870340 14871118 779 14875832 14876615 784 97.19 Chr1
14974798 14976432 1635 14974798 14974924 127 14976312 14976432 121 85.83 Chr1
15036633 15049411 12779 15036633 15037862 1230 15048180 15049411 1232 98.78 Chr1
15127286 15130017 2732 15127286 15127405 120 15129894 15130017 124 87.10 Chr1
15174491 15176498 2008 15174491 15174778 288 15176215 15176498 284 92.36 Chr1
15207600 15209063 1464 15207600 15207893 294 15208764 15209063 300 94.00 Chr1
15218247 15222291 4045 15218247 15219394 1148 15221140 15222291 1152 96.53 Chr1
15242454 15253370 10917 15242454 15244936 2483 15250890 15253370 2481 98.79 Chr1
15301453 15307713 6261 15301453 15302229 777 15306939 15307713 775 96.78 Chr1
15407640 15410457 2818 15407640 15407798 159 15410297 15410457 161 90.06 Chr1
15537076 15541246 4171 15537076 15537616 541 15540706 15541246 541 94.82 Chr1
15597284 15605374 8091 15597284 15597729 446 15604928 15605374 447 98.21 Chr1
15610411 15616861 6451 15610411 15610964 554 15616307 15616861 555 95.32 Chr1
15639121 15643900 4780 15639121 15639759 639 15643255 15643900 646 93.50 Chr1
15696995 15701272 4278 15696995 15697136 142 15701126 15701272 147 91.16 Chr1
15714322 15724018 9697 15714322 15714471 150 15723880 15724018 139 85.33 Chr1
15864701 15876640 11940 15864701 15867702 3002 15873642 15876640 2999 98.93 Chr1
15982537 15989494 6958 15982537 15983246 710 15988785 15989494 710 94.79 Chr1
16040686 16045652 4967 16040686 16041415 730 16044921 16045652 732 96.04 Chr1
16073817 16076672 2856 16073817 16073949 133 16076534 16076672 139 87.05 Chr1
16159384 16172130 12747 16159384 16160501 1118 16171012 16172130 1119 99.20 Chr1
16176549 16187645 11097 16176549 16177404 856 16186795 16187645 851 91.00 Chr1
16196021 16199549 3529 16196021 16196526 506 16199042 16199549 508 96.46 Chr1
16211895 16224360 12466 16211895 16215000 3106 16221254 16224360 3107 99.13 Chr1
16230162 16231502 1341 16230162 16230400 239 16231262 16231502 241 87.14 Chr1
16234961 16243708 8748 16234961 16235163 203 16243507 16243708 202 90.64 Chr1
16268981 16278013 9033 16268981 16271335 2355 16275650 16278013 2364 98.31 Chr1
16281576 16283159 1584 16281576 16281678 103 16283053 16283159 107 85.98 Chr1
16307565 16311641 4077 16307565 16308034 470 16311172 16311641 470 95.53 Chr1
16338603 16342430 3828 16338603 16338839 237 16342198 16342430 233 86.92 Chr1
16394130 16397492 3363 16394130 16394337 208 16397282 16397492 211 91.00 Chr1
16420156 16422458 2303 16420156 16420566 411 16422048 16422458 411 90.27 Chr1
16437326 16442436 5111 16437326 16437448 123 16442312 16442436 125 92.00 Chr1
16526160 16531487 5328 16526160 16526628 469 16531012 16531487 476 93.70 Chr1
16533778 16547329 13552 16533778 16534013 236 16547080 16547329 250 92.40 Chr1
16550434 16562825 12392 16550434 16550649 216 16562618 16562825 208 89.81 Chr1
16574115 16586632 12518 16574115 16575199 1085 16585539 16586632 1094 97.62 Chr1
16600428 16606554 6127 16600428 16601120 693 16605856 16606554 699 93.99 Chr1
16618258 16629873 11616 16618258 16621376 3119 16626748 16629873 3126 98.43 Chr1
16769310 16782313 13004 16769310 16770783 1474 16780828 16782313 1486 99.06 Chr1
16790419 16801978 11560 16790419 16791653 1235 16800745 16801978 1234 98.46 Chr1
16849540 16856298 6759 16849540 16849864 325 16855974 16856298 325 98.77 Chr1
16891580 16895412 3833 16891580 16891853 274 16895139 16895412 274 97.45 Chr1
16942927 16946845 3919 16942927 16943344 418 16946420 16946845 426 94.37 Chr1
16952085 16955355 3271 16952085 16953016 932 16954424 16955355 932 96.78 Chr1
16962014 16971831 9818 16962014 16962369 356 16971473 16971831 359 93.31 Chr1
16974769 16979173 4405 16974769 16975561 793 16978378 16979173 796 99.25 Chr1
17004650 17010385 5736 17004650 17004866 217 17010181 17010385 205 91.71 Chr1
17034224 17040553 6330 17034224 17035283 1060 17039500 17040553 1054 92.92 Chr1
17090379 17100285 9907 17090379 17091457 1079 17099215 17100285 1071 96.29 Chr1
17113866 17119883 6018 17113866 17114705 840 17119032 17119883 852 93.66 Chr1
17129586 17131614 2029 17129586 17129751 166 17131443 17131614 172 93.60 Chr1
17144777 17149053 4277 17144777 17145270 494 17148560 17149053 494 95.34 Chr1
17180274 17191412 11139 17180274 17181065 792 17190624 17191412 789 95.45 Chr1
17231521 17240326 8806 17231521 17232744 1224 17239097 17240326 1230 94.31 Chr1
17242495 17249260 6766 17242495 17242779 285 17248975 17249260 286 93.71 Chr1
17294896 17296638 1743 17294896 17295336 441 17296199 17296638 440 97.28 Chr1
17311138 17318804 7667 17311138 17311606 469 17318334 17318804 471 94.69 Chr1
17327809 17333917 6109 17327809 17328597 789 17333123 17333917 795 97.86 Chr1
17358230 17369531 11302 17358230 17358664 435 17369094 17369531 438 96.80 Chr1
17416468 17423715 7248 17416468 17416589 122 17423597 17423715 119 94.26 Chr1
17436258 17442516 6259 17436258 17437031 774 17441741 17442516 776 98.97 Chr1
17524385 17531788 7404 17524385 17525172 788 17531001 17531788 788 99.87 Chr1
17634711 17644883 10173 17634711 17636354 1644 17643233 17644883 1651 99.15 Chr1
17666056 17674495 8440 17666056 17666491 436 17674072 17674495 424 94.04 Chr1
17699915 17705442 5528 17699915 17700035 121 17705322 17705442 121 99.17 Chr1
17729581 17735209 5629 17729581 17729782 202 17735000 17735209 210 90.95 Chr1
17773920 17785543 11624 17773920 17774906 987 17784553 17785543 991 95.66 Chr1
17802663 17805900 3238 17802663 17803061 399 17805492 17805900 409 88.75 Chr1
17819752 17833676 13925 17819752 17820291 540 17833135 17833676 542 93.54 Chr1
17844216 17845678 1463 17844216 17844342 127 17845553 17845678 126 89.76 Chr1
17887073 17892281 5209 17887073 17887509 437 17891844 17892281 438 99.32 Chr1
18018402 18027415 9014 18018402 18018752 351 18027058 18027415 358 96.37 Chr1
18209651 18216090 6440 18209651 18210621 971 18215120 18216090 971 98.15 Chr1
18288213 18295930 7718 18288213 18289127 915 18295011 18295930 920 98.59 Chr1
18308353 18319968 11616 18308353 18311472 3120 18316852 18319968 3117 98.97 Chr1
18358454 18364335 5882 18358454 18358781 328 18364012 18364335 324 96.04 Chr1
18378350 18381569 3220 18378350 18378930 581 18380996 18381569 574 91.39 Chr1
18424518 18434790 10273 18424518 18424744 227 18434564 18434790 227 98.68 Chr1
18545933 18553236 7304 18545933 18546365 433 18552810 18553236 427 96.54 Chr1
18611081 18623986 12906 18611081 18611212 132 18623855 18623986 132 94.70 Chr1
18628482 18631079 2598 18628482 18628617 136 18630939 18631079 141 87.23 Chr1
18714206 18720423 6218 18714206 18714443 238 18720186 18720423 238 94.96 Chr1
18874443 18884811 10369 18874443 18875093 651 18884147 18884811 665 95.79 Chr1
18910167 18918740 8574 18910167 18910507 341 18918403 18918740 338 96.77 Chr1
18990482 18997985 7504 18990482 18990586 105 18997881 18997985 105 91.43 Chr1
19015824 19020841 5018 19015824 19015958 135 19020695 19020841 147 90.48 Chr1
19194074 19203128 9055 19194074 19194205 132 19202999 19203128 130 90.91 Chr1
19235427 19240457 5031 19235427 19235588 162 19240300 19240457 158 93.83 Chr1
19361798 19368631 6834 19361798 19362081 284 19368344 19368631 288 89.58 Chr1
19369902 19373422 3521 19369902 19370098 197 19373232 19373422 191 86.29 Chr1
19412846 19423646 10801 19412846 19414625 1780 19421847 19423646 1800 97.83 Chr1
19440238 19451648 11411 19440238 19443266 3029 19448620 19451648 3029 99.50 Chr1
19511053 19512530 1478 19511053 19511301 249 19512283 19512530 248 95.18 Chr1
19555359 19566265 10907 19555359 19559394 4036 19562226 19566265 4040 99.90 Chr1
19567759 19569312 1554 19567759 19568252 494 19568824 19569312 489 88.66 Chr1
19579596 19588995 9400 19579596 19582781 3186 19585817 19588995 3179 99.53 Chr1
19604061 19608142 4082 19604061 19604207 147 19607993 19608142 150 94.67 Chr1
19608996 19622329 13334 19608996 19610147 1152 19621181 19622329 1149 98.70 Chr1
19623707 19635030 11324 19623707 19624154 448 19634588 19635030 443 98.44 Chr1
19657158 19667919 10762 19657158 19660969 3812 19664094 19667919 3826 99.29 Chr1
19754169 19764925 10757 19754169 19757414 3246 19761679 19764925 3247 99.57 Chr1
19790414 19801717 11304 19790414 19790856 443 19801276 19801717 442 99.77 Chr1
19802888 19807833 4946 19802888 19803869 982 19806854 19807833 980 91.34 Chr1
19834603 19843697 9095 19834603 19834946 344 19843352 19843697 346 95.66 Chr1
19864279 19867187 2909 19864279 19864667 389 19866810 19867187 378 94.86 Chr1
19936058 19948155 12098 19936058 19939221 3164 19944992 19948155 3164 99.84 Chr1
19999261 20011364 12104 19999261 20002425 3165 20008192 20011364 3173 99.31 Chr1
20082919 20086417 3499 20082919 20083251 333 20086083 20086417 335 90.75 Chr1
20137178 20144970 7793 20137178 20137655 478 20144495 20144970 476 92.26 Chr1
20158735 20170498 11764 20158735 20161917 3183 20167309 20170498 3190 99.66 Chr1
20219982 20231322 11341 20219982 20220546 565 20230755 20231322 568 95.77 Chr1
20326469 20334354 7886 20326469 20326577 109 20334252 20334354 103 86.24 Chr1
20389609 20395257 5649 20389609 20390350 742 20394516 20395257 742 96.63 Chr1
20454477 20459186 4710 20454477 20454588 112 20459071 20459186 116 89.66 Chr1
20470518 20474997 4480 20470518 20471310 793 20474212 20474997 786 96.60 Chr1
20559207 20560776 1570 20559207 20559319 113 20560665 20560776 112 93.81 Chr1
20611262 20617527 6266 20611262 20612045 784 20616744 20617527 784 98.72 Chr1
20642903 20653712 10810 20642903 20643176 274 20653434 20653712 279 88.89 Chr1
20672893 20684990 12098 20672893 20676051 3159 20681832 20684990 3159 99.59 Chr1
20752913 20755213 2301 20752913 20753212 300 20754900 20755213 314 92.04 Chr1
20770384 20773439 3056 20770384 20770571 188 20773255 20773439 185 91.49 Chr1
20792823 20804143 11321 20792823 20793261 439 20803704 20804143 440 98.18 Chr1
20835064 20841650 6587 20835064 20835503 440 20841211 20841650 440 99.55 Chr1
20842236 20843692 1457 20842236 20842503 268 20843437 20843692 256 87.31 Chr1
20877051 20887178 10128 20877051 20877864 814 20886380 20887178 799 95.95 Chr1
20917845 20922823 4979 20917845 20918633 789 20922036 20922823 788 97.72 Chr1
20963445 20976302 12858 20963445 20964513 1069 20975232 20976302 1071 99.81 Chr1
20998351 21008287 9937 20998351 21001254 2904 21005382 21008287 2906 99.00 Chr1
21048201 21054483 6283 21048201 21048610 410 21054074 21054483 410 100.00 Chr1
21091555 21098774 7220 21091555 21091995 441 21098330 21098774 445 99.10 Chr1
21205925 21218777 12853 21205925 21206997 1073 21217708 21218777 1070 99.44 Chr1
21245232 21258129 12898 21245232 21246305 1074 21257051 21258129 1079 99.44 Chr1
21289646 21299731 10086 21289646 21292800 3155 21296578 21299731 3154 99.90 Chr1
21303763 21305144 1382 21303763 21303906 144 21305005 21305144 140 89.58 Chr1
21328769 21329999 1231 21328769 21328882 114 21329887 21329999 113 85.96 Chr1
21397616 21401263 3648 21397616 21398110 495 21400757 21401263 507 91.91 Chr1
21450438 21463940 13503 21450438 21453826 3389 21460552 21463940 3389 99.91 Chr1
21473572 21477643 4072 21473572 21473744 173 21477474 21477643 170 95.95 Chr1
21478731 21490993 12263 21478731 21479087 357 21490646 21490993 348 91.88 Chr1
21498146 21499472 1327 21498146 21498362 217 21499250 21499472 223 86.55 Chr1
21505725 21512345 6621 21505725 21505898 174 21512171 21512345 175 90.29 Chr1
21569721 21572643 2923 21569721 21570173 453 21572195 21572643 449 90.95 Chr1
21582654 21592939 10286 21582654 21583637 984 21591949 21592939 991 95.16 Chr1
21643957 21656847 12891 21643957 21645060 1104 21655744 21656847 1104 100.00 Chr1
21739540 21745234 5695 21739540 21739696 157 21745075 21745234 160 93.75 Chr1
21763715 21769554 5840 21763715 21764131 417 21769138 21769554 417 100.00 Chr1
21823019 21826574 3556 21823019 21823151 133 21826453 21826574 122 85.71 Chr1
21860518 21872876 12359 21860518 21860876 359 21872519 21872876 358 92.48 Chr1
21950022 21955961 5940 21950022 21950434 413 21955545 21955961 417 98.80 Chr1
22007586 22016385 8800 22007586 22007736 151 22016237 22016385 149 87.42 Chr1
22045598 22048723 3126 22045598 22046047 450 22048276 22048723 448 92.67 Chr1
22072774 22075180 2407 22072774 22073064 291 22074888 22075180 293 92.15 Chr1
22270892 22279096 8205 22270892 22271749 858 22278245 22279096 852 93.01 Chr1
22282583 22284893 2311 22282583 22282692 110 22284783 22284893 111 86.49 Chr1
22294729 22300451 5723 22294729 22294983 255 22300196 22300451 256 94.92 Chr1
22314718 22322651 7934 22314718 22315475 758 22321899 22322651 753 97.36 Chr1
22400917 22412378 11462 22400917 22401486 570 22411804 22412378 575 94.09 Chr1
22508720 22520663 11944 22508720 22511716 2997 22517666 22520663 2998 99.63 Chr1
22564719 22573354 8636 22564719 22565345 627 22572737 22573354 618 96.01 Chr1
22583898 22586846 2949 22583898 22584112 215 22586638 22586846 209 89.77 Chr1
22601256 22603354 2099 22601256 22601372 117 22603243 22603354 112 87.18 Chr1
22784404 22795471 11068 22784404 22784771 368 22795102 22795471 370 95.68 Chr1
22841963 22852225 10263 22841963 22843304 1342 22850882 22852225 1344 96.50 Chr1
22854355 22865879 11525 22854355 22854579 225 22865657 22865879 223 86.22 Chr1
22872873 22875481 2609 22872873 22873098 226 22875253 22875481 229 86.90 Chr1
23015363 23024853 9491 23015363 23015886 524 23024325 23024853 529 94.33 Chr1
23031855 23042004 10150 23031855 23032130 276 23041728 23042004 277 90.97 Chr1
23050714 23063675 12962 23050714 23051960 1247 23062426 23063675 1250 98.88 Chr1
23127498 23137438 9941 23127498 23130669 3172 23134272 23137438 3167 99.59 Chr1
23148849 23152337 3489 23148849 23149304 456 23151890 23152337 448 91.89 Chr1
23275140 23279037 3898 23275140 23275842 703 23278330 23279037 708 96.89 Chr1
23399737 23410928 11192 23399737 23400197 461 23410471 23410928 458 96.75 Chr1
23460081 23463392 3312 23460081 23460353 273 23463125 23463392 268 94.14 Chr1
23466299 23469959 3661 23466299 23467426 1128 23468830 23469959 1130 98.14 Chr1
23474451 23483916 9466 23474451 23478064 3614 23480305 23483916 3612 99.25 Chr1
23502779 23508534 5756 23502779 23503085 307 23508230 23508534 305 96.42 Chr1
23593881 23606771 12891 23593881 23594962 1082 23605692 23606771 1080 99.82 Chr1
23674584 23684383 9800 23674584 23674924 341 23684051 23684383 333 92.08 Chr1
23804207 23805983 1777 23804207 23804819 613 23805381 23805983 603 97.06 Chr1
23890239 23897111 6873 23890239 23890440 202 23896921 23897111 191 90.59 Chr1
24034029 24037266 3238 24034029 24034306 278 24036988 24037266 279 94.98 Chr1
24073367 24081869 8503 24073367 24073480 114 24081761 24081869 109 86.84 Chr1
24096997 24098648 1652 24096997 24097127 131 24098522 24098648 127 85.50 Chr1
24202374 24217372 14999 24202374 24202592 219 24217156 24217372 217 91.78 Chr1
24419460 24427435 7976 24419460 24419655 196 24427227 24427435 209 89.00 Chr1
24563426 24564633 1208 24563426 24563590 165 24564462 24564633 172 91.86 Chr1
24656178 24657545 1368 24656178 24656441 264 24657286 24657545 260 92.05 Chr1
24670780 24677630 6851 24670780 24670896 117 24677512 24677630 119 90.76 Chr1
24679028 24687653 8626 24679028 24679197 170 24687489 24687653 165 92.35 Chr1
24742950 24748434 5485 24742950 24744124 1175 24747251 24748434 1184 98.14 Chr1
24774794 24779567 4774 24774794 24775002 209 24779359 24779567 209 99.52 Chr1
25033562 25034742 1181 25033562 25033721 160 25034584 25034742 159 87.50 Chr1
25066209 25071256 5048 25066209 25066797 589 25070679 25071256 578 88.96 Chr1
25100027 25112572 12546 25100027 25100901 875 25111704 25112572 869 98.63 Chr1
25169107 25179262 10156 25169107 25169369 263 25179014 25179262 249 87.83 Chr1
25240017 25243031 3015 25240017 25240148 132 25242905 25243031 127 88.64 Chr1
25246839 25255766 8928 25246839 25246947 109 25255659 25255766 108 89.91 Chr1
25303308 25311805 8498 25303308 25303986 679 25311129 25311805 677 95.88 Chr1
25380140 25381882 1743 25380140 25380298 159 25381721 25381882 162 89.51 Chr1
25397106 25402979 5874 25397106 25397416 311 25402668 25402979 312 90.38 Chr1
25478824 25480415 1592 25478824 25479126 303 25480112 25480415 304 91.78 Chr1
25566858 25573312 6455 25566858 25567349 492 25572821 25573312 492 100.00 Chr1
25578791 25591067 12277 25578791 25578891 101 25590963 25591067 105 89.52 Chr1
25653448 25664752 11305 25653448 25653891 444 25664311 25664752 442 99.32 Chr1
25709267 25714504 5238 25709267 25709647 381 25714119 25714504 386 96.37 Chr1
25728972 25739501 10530 25728972 25729310 339 25739175 25739501 327 96.46 Chr1
25806576 25815848 9273 25806576 25806858 283 25815571 25815848 278 97.53 Chr1
25887547 25900406 12860 25887547 25888606 1060 25899343 25900406 1064 99.53 Chr1
25937890 25947352 9463 25937890 25938982 1093 25946255 25947352 1098 99.45 Chr1
25990212 26003072 12861 25990212 25990340 129 26002957 26003072 116 85.27 Chr1
26015188 26027992 12805 26015188 26016241 1054 26026938 26027992 1055 99.62 Chr1
26143561 26152065 8505 26143561 26143678 118 26151948 26152065 118 88.14 Chr1
26200116 26206326 6211 26200116 26200508 393 26205944 26206326 383 87.02 Chr1
26375750 26388360 12611 26375750 26375955 206 26388147 26388360 214 86.45 Chr1
26542779 26557892 15114 26542779 26545768 2990 26554902 26557892 2991 99.77 Chr1
26665885 26678726 12842 26665885 26666969 1085 26677639 26678726 1088 99.72 Chr1
26750689 26752310 1622 26750689 26751151 463 26751849 26752310 462 92.44 Chr1
26848661 26861532 12872 26848661 26849738 1078 26860455 26861532 1078 100.00 Chr1
26904364 26910478 6115 26904364 26904506 143 26910346 26910478 133 86.71 Chr1
26925150 26929541 4392 26925150 26925904 755 26928802 26929541 740 93.64 Chr1
26942852 26954867 12016 26942852 26945863 3012 26951855 26954867 3013 99.70 Chr1
26980173 26991447 11275 26980173 26984362 4190 26987256 26991447 4192 99.81 Chr1
27218109 27225667 7559 27218109 27218417 309 27225357 27225667 311 87.14 Chr1
27399725 27406802 7078 27399725 27401168 1444 27405349 27406802 1454 98.28 Chr1
27440230 27451546 11317 27440230 27444442 4213 27447335 27451546 4212 99.83 Chr1
27463079 27466435 3357 27463079 27463798 720 27465712 27466435 724 86.33 Chr1
27528955 27532832 3878 27528955 27529343 389 27532444 27532832 389 96.66 Chr1
27572468 27574352 1885 27572468 27572769 302 27574055 27574352 298 88.08 Chr1
27786151 27800057 13907 27786151 27787665 1515 27798546 27800057 1512 95.71 Chr1
27809792 27812696 2905 27809792 27810423 632 27812056 27812696 641 90.95 Chr1
27890405 27895089 4685 27890405 27890791 387 27894703 27895089 387 94.83 Chr1
27899255 27905485 6231 27899255 27900008 754 27904722 27905485 764 97.38 Chr1
28012360 28022747 10388 28012360 28012513 154 28022592 28022747 156 87.82 Chr1
28200509 28202519 2011 28200509 28200655 147 28202370 28202519 150 86.00 Chr1
28212731 28214210 1480 28212731 28212834 104 28214109 28214210 102 86.54 Chr1
28305311 28307079 1769 28305311 28305593 283 28306802 28307079 278 92.23 Chr1
28337720 28342905 5186 28337720 28338143 424 28342473 28342905 433 96.77 Chr1
28438418 28439902 1485 28438418 28438606 189 28439713 28439902 190 90.53 Chr1
28524147 28526836 2690 28524147 28524657 511 28526327 28526836 510 95.69 Chr1
28547236 28554014 6779 28547236 28547482 247 28553769 28554014 246 90.69 Chr1
28662204 28668819 6616 28662204 28662388 185 28668634 28668819 186 86.02 Chr1
28712401 28724798 12398 28712401 28713739 1339 28723465 28724798 1334 97.68 Chr1
28735354 28738421 3068 28735354 28735556 203 28738226 28738421 196 94.09 Chr1
28840197 28846434 6238 28840197 28840958 762 28845677 28846434 758 98.82 Chr1
28876674 28878420 1747 28876674 28876855 182 28878236 28878420 185 87.03 Chr1
28940235 28948004 7770 28940235 28940921 687 28947316 28948004 689 85.78 Chr1
28995860 29004776 8917 28995860 28996339 480 29004283 29004776 494 96.76 Chr1
29043196 29050975 7780 29043196 29043509 314 29050666 29050975 310 91.08 Chr1
29173035 29176328 3294 29173035 29173144 110 29176229 29176328 100 90.00 Chr1
29253361 29262115 8755 29253361 29256935 3575 29258540 29262115 3576 99.80 Chr1
29344270 29357185 12916 29344270 29345357 1088 29356097 29357185 1089 99.17 Chr1
29519585 29520863 1279 29519585 29519712 128 29520743 29520863 121 85.16 Chr1
29583440 29590137 6698 29583440 29583654 215 29589921 29590137 217 94.47 Chr1
29789786 29800956 11171 29789786 29789913 128 29800825 29800956 132 90.91 Chr1
29812648 29814610 1963 29812648 29812775 128 29814483 29814610 128 88.28 Chr1
29859823 29868606 8784 29859823 29860569 747 29867854 29868606 753 93.36 Chr1
29881328 29886604 5277 29881328 29881792 465 29886141 29886604 464 98.06 Chr1
29897880 29903282 5403 29897880 29897981 102 29903175 29903282 108 87.04 Chr1
30051221 30053352 2132 30051221 30051434 214 30053140 30053352 213 89.25 Chr1
30074663 30080282 5620 30074663 30074901 239 30080048 30080282 235 91.21 Chr1
30125058 30130607 5550 30125058 30125208 151 30130466 30130607 142 88.74 Chr1
30152982 30154835 1854 30152982 30153281 300 30154532 30154835 304 89.14 Chr1
30284489 30287719 3231 30284489 30284790 302 30287418 30287719 302 90.73 Chr1
30335258 30339385 4128 30335258 30335370 113 30339279 30339385 107 89.38 Chr1
30372694 30378550 5857 30372694 30373106 413 30378142 30378550 409 86.92 Chr1
30432460 30445247 12788 30432460 30433563 1104 30444144 30445247 1104 99.00 Chr1
30512861 30521339 8479 30512861 30513315 455 30520886 30521339 454 96.26 Chr1
30551554 30555566 4013 30551554 30551677 124 30555446 30555566 121 88.71 Chr1
30653420 30654529 1110 30653420 30653519 100 30654420 30654529 110 86.36 Chr1
30671300 30674369 3070 30671300 30671450 151 30674214 30674369 156 93.59 Chr1
30709900 30711741 1842 30709900 30710048 149 30711595 30711741 147 91.95 Chr1
30768464 30772871 4408 30768464 30768966 503 30772364 30772871 508 88.19 Chr1
30801082 30803196 2115 30801082 30801360 279 30802918 30803196 279 92.47 Chr1
30890246 30905260 15015 30890246 30890487 242 30905016 30905260 245 85.31 Chr1
31019517 31031058 11542 31019517 31022593 3077 31027978 31031058 3081 99.61 Chr1
31043160 31044467 1308 31043160 31043438 279 31044182 31044467 286 90.56 Chr1
31122312 31127327 5016 31122312 31122445 134 31127194 31127327 134 100.00 Chr1
31138202 31151890 13689 31138202 31138957 756 31151127 31151890 764 97.77 Chr1
31234275 31239063 4789 31234275 31234448 174 31238890 31239063 174 99.43 Chr1
31438711 31451540 12830 31438711 31439791 1081 31450455 31451540 1086 98.71 Chr1
31460208 31472642 12435 31460208 31461442 1235 31471415 31472642 1228 98.70 Chr1
31501136 31503149 2014 31501136 31501331 196 31502954 31503149 196 96.43 Chr1
31612243 31617155 4913 31612243 31612412 170 31616986 31617155 170 88.82 Chr1
31781411 31788830 7420 31781411 31782022 612 31788219 31788830 612 93.79 Chr1
31907046 31911762 4717 31907046 31907425 380 31911389 31911762 374 97.11 Chr1
32303758 32308991 5234 32303758 32303891 134 32308855 32308991 137 96.35 Chr1
32377800 32379579 1780 32377800 32377957 158 32379418 32379579 162 89.51 Chr1
32477964 32489614 11651 32477964 32478626 663 32488941 32489614 674 96.59 Chr1
32517697 32522076 4380 32517697 32518488 792 32521285 32522076 792 98.11 Chr1
32574994 32579130 4137 32574994 32575309 316 32578819 32579130 312 87.97 Chr1
32722683 32732486 9804 32722683 32722956 274 32732222 32732486 265 86.13 Chr1
32740008 32745338 5331 32740008 32740365 358 32744979 32745338 360 92.78 Chr1
32859616 32868035 8420 32859616 32859933 318 32867723 32868035 313 89.62 Chr1
33094313 33102439 8127 33094313 33094608 296 33102146 33102439 294 86.49 Chr1
33118232 33119879 1648 33118232 33118357 126 33119754 33119879 126 98.41 Chr1
33138860 33140507 1648 33138860 33138985 126 33140382 33140507 126 98.41 Chr1
33230601 33242431 11831 33230601 33230831 231 33242205 33242431 227 86.58 Chr1
33345633 33347648 2016 33345633 33345814 182 33347473 33347648 176 87.91 Chr1
33417059 33426968 9910 33417059 33417222 164 33426794 33426968 175 91.43 Chr1
33427036 33440843 13808 33427036 33428547 1512 33439335 33440843 1509 97.16 Chr1
33643850 33649474 5625 33643850 33644067 218 33649258 33649474 217 95.41 Chr1
33670052 33676913 6862 33670052 33670477 426 33676482 33676913 432 90.97 Chr1
33685892 33693860 7969 33685892 33686039 148 33693714 33693860 147 89.19 Chr1
33698891 33708670 9780 33698891 33699058 168 33708497 33708670 174 93.68 Chr1
33850344 33861900 11557 33850344 33853451 3108 33858797 33861900 3104 99.65 Chr1
33979931 33988969 9039 33979931 33980568 638 33988344 33988969 626 96.55 Chr1
34023145 34030620 7476 34023145 34023364 220 34030404 34030620 217 90.91 Chr1
34048079 34062321 14243 34048079 34049316 1238 34061089 34062321 1233 97.01 Chr1
34089879 34099979 10101 34089879 34090082 204 34099775 34099979 205 89.27 Chr1
34197888 34199279 1392 34197888 34198195 308 34198968 34199279 312 90.06 Chr1
34235577 34238691 3115 34235577 34235976 400 34238292 34238691 400 95.75 Chr1
34264468 34274853 10386 34264468 34264882 415 34274439 34274853 415 96.87 Chr1
34335608 34348075 12468 34335608 34340824 5217 34342856 34348075 5220 99.79 Chr1
34430135 34440772 10638 34430135 34430470 336 34440443 34440772 330 89.88 Chr1
34453459 34464377 10919 34453459 34453836 378 34464005 34464377 373 91.01 Chr1
34589750 34596029 6280 34589750 34590600 851 34595180 34596029 850 98.71 Chr1
34597856 34607888 10033 34597856 34597975 120 34607770 34607888 119 89.17 Chr1
34722130 34735246 13117 34722130 34722340 211 34735030 34735246 217 86.18 Chr1
34749700 34761115 11416 34749700 34750141 442 34760677 34761115 439 98.64 Chr1
34821538 34831268 9731 34821538 34822634 1097 34830175 34831268 1094 98.91 Chr1
34970462 34976124 5663 34970462 34970918 457 34975658 34976124 467 95.93 Chr1
35013565 35023261 9697 35013565 35015552 1988 35021270 35023261 1992 99.55 Chr1
35035891 35049049 13159 35035891 35037104 1214 35047837 35049049 1213 98.93 Chr1
35111310 35113785 2476 35111310 35111448 139 35113647 35113785 139 95.68 Chr1
35277695 35289769 12075 35277695 35280852 3158 35286611 35289769 3159 99.87 Chr1
35443188 35456625 13438 35443188 35446820 3633 35452989 35456625 3637 99.64 Chr1
35567106 35577477 10372 35567106 35567552 447 35577037 35577477 441 97.09 Chr1
35579616 35581203 1588 35579616 35579759 144 35581067 35581203 137 90.28 Chr1
35587731 35598643 10913 35587731 35588061 331 35598302 35598643 342 89.47 Chr1
35668090 35680642 12553 35668090 35669019 930 35679704 35680642 939 98.51 Chr1
35760121 35763824 3704 35760121 35760224 104 35763722 35763824 103 93.27 Chr1
36032799 36036680 3882 36032799 36033518 720 36035965 36036680 716 93.75 Chr1
36068255 36080268 12014 36068255 36068664 410 36079867 36080268 402 93.66 Chr1
36081346 36083983 2638 36081346 36081449 104 36083883 36083983 101 85.58 Chr1
36206070 36211890 5821 36206070 36206693 624 36211272 36211890 619 94.07 Chr1
36212704 36217985 5282 36212704 36213086 383 36217611 36217985 375 85.12 Chr1
36405679 36413524 7846 36405679 36406023 345 36413184 36413524 341 89.86 Chr1
36513256 36521303 8048 36513256 36513444 189 36521110 36521303 194 87.63 Chr1
36572894 36585388 12495 36572894 36576018 3125 36582266 36585388 3123 99.71 Chr1
36608622 36615730 7109 36608622 36608769 148 36615588 36615730 143 90.54 Chr1
36903547 36907522 3976 36903547 36903954 408 36907124 36907522 399 88.73 Chr1
36925178 36927152 1975 36925178 36925305 128 36927012 36927152 141 85.82 Chr1
37128132 37133007 4876 37128132 37128357 226 37132782 37133007 226 98.23 Chr1
37164113 37170345 6233 37164113 37164454 342 37170008 37170345 338 95.91 Chr1
37328525 37329779 1255 37328525 37328656 132 37329647 37329779 133 92.48 Chr1
37348054 37350824 2771 37348054 37348891 838 37349991 37350824 834 95.82 Chr1
37429060 37440072 11013 37429060 37429497 438 37439634 37440072 439 93.39 Chr1
37480033 37483940 3908 37480033 37480750 718 37483220 37483940 721 94.17 Chr1
37489562 37502481 12920 37489562 37490644 1083 37501394 37502481 1088 99.17 Chr1
37638219 37642911 4693 37638219 37638572 354 37642547 37642911 365 89.04 Chr1
37741424 37748052 6629 37741424 37741777 354 37747697 37748052 356 92.13 Chr1
37792006 37796910 4905 37792006 37792212 207 37796709 37796910 202 88.41 Chr1
37811839 37816628 4790 37811839 37812141 303 37816328 37816628 301 90.76 Chr1
37881108 37887080 5973 37881108 37881265 158 37886921 37887080 160 88.12 Chr1
38139485 38145290 5806 38139485 38139740 256 38145029 38145290 262 88.93 Chr1
38172654 38174665 2012 38172654 38173216 563 38174103 38174665 563 100.00 Chr1
38345513 38359036 13524 38345513 38346258 746 38358289 38359036 748 99.47 Chr1
38559612 38565456 5845 38559612 38559904 293 38565158 38565456 299 87.96 Chr1
38580954 38592239 11286 38580954 38581397 444 38591802 38592239 438 97.07 Chr1
38700307 38710896 10590 38700307 38700543 237 38710647 38710896 250 92.00 Chr1
38754691 38761235 6545 38754691 38754908 218 38761029 38761235 207 90.37 Chr1
38802503 38808944 6442 38802503 38802662 160 38808790 38808944 155 90.62 Chr1
38877129 38878263 1135 38877129 38877247 119 38878150 38878263 114 85.71 Chr1
38969806 38975618 5813 38969806 38970302 497 38975122 38975618 497 97.18 Chr1
39068719 39073666 4948 39068719 39069288 570 39073100 39073666 567 95.26 Chr1
39097398 39102443 5046 39097398 39097525 128 39102315 39102443 129 86.05 Chr1
39110630 39116183 5554 39110630 39110844 215 39115969 39116183 215 98.14 Chr1
39121159 39123233 2075 39121159 39121280 122 39123109 39123233 125 87.20 Chr1
39308204 39313359 5156 39308204 39308390 187 39313175 39313359 185 93.58 Chr1
39325342 39332537 7196 39325342 39325482 141 39332384 39332537 154 85.71 Chr1
39336545 39341461 4917 39336545 39336800 256 39341206 39341461 256 98.83 Chr1
39379758 39384565 4808 39379758 39380733 976 39383588 39384565 978 95.81 Chr1
39403042 39407757 4716 39403042 39403261 220 39407538 39407757 220 100.00 Chr1
39520320 39521660 1341 39520320 39520501 182 39521475 39521660 186 96.77 Chr1
39659334 39661397 2064 39659334 39659563 230 39661167 39661397 231 87.45 Chr1
39709831 39718099 8269 39709831 39710209 379 39717734 39718099 366 94.46 Chr1
39749685 39760756 11072 39749685 39750716 1032 39759722 39760756 1035 98.07 Chr1
40041747 40046154 4408 40041747 40041944 198 40045958 40046154 197 96.46 Chr1
40207986 40211387 3402 40207986 40208108 123 40211259 40211387 129 88.37 Chr1
40279803 40284594 4792 40279803 40279923 121 40284477 40284594 118 86.78 Chr1
40374497 40378442 3946 40374497 40375888 1392 40377051 40378442 1392 97.34 Chr1
40577900 40579426 1527 40577900 40578020 121 40579305 40579426 122 91.80 Chr1
40768277 40775739 7463 40768277 40768482 206 40775537 40775739 203 91.75 Chr1
40849448 40852317 2870 40849448 40849572 125 40852191 40852317 127 87.40 Chr1
40853070 40858187 5118 40853070 40853432 363 40857825 40858187 363 97.52 Chr1
41000528 41003649 3122 41000528 41000874 347 41003298 41003649 352 85.80 Chr1
41030618 41035988 5371 41030618 41031688 1071 41034918 41035988 1071 99.63 Chr1
41153975 41164100 10126 41153975 41154189 215 41163884 41164100 217 93.09 Chr1
41170353 41177320 6968 41170353 41170496 144 41177180 41177320 141 90.28 Chr1
41259454 41264102 4649 41259454 41259637 184 41263923 41264102 180 92.93 Chr1
41308999 41310742 1744 41308999 41309237 239 41310503 41310742 240 96.67 Chr1
41389660 41391808 2149 41389660 41389804 145 41391659 41391808 150 92.00 Chr1
41409813 41422654 12842 41409813 41410888 1076 41421579 41422654 1076 99.81 Chr1
41422820 41434470 11651 41422820 41425954 3135 41431329 41434470 3142 99.49 Chr1
41564518 41571628 7111 41564518 41564947 430 41571200 41571628 429 96.28 Chr1
41594799 41598783 3985 41594799 41595077 279 41598505 41598783 279 97.49 Chr1
41605064 41610579 5516 41605064 41605179 116 41610465 41610579 115 99.14 Chr1
41630077 41631278 1202 41630077 41630220 144 41631138 41631278 141 88.89 Chr1
41717474 41720408 2935 41717474 41717730 257 41720154 41720408 255 92.61 Chr1
41752712 41757630 4919 41752712 41753499 788 41756843 41757630 788 99.75 Chr1
41759013 41760312 1300 41759013 41759220 208 41760117 41760312 196 86.54 Chr1
41800532 41808473 7942 41800532 41802376 1845 41806625 41808473 1849 99.57 Chr1
41816295 41829480 13186 41816295 41816577 283 41829196 41829480 285 88.07 Chr1
41839378 41844765 5388 41839378 41839637 260 41844505 41844765 261 85.06 Chr1
41887165 41893165 6001 41887165 41887575 411 41892759 41893165 407 86.86 Chr1
41896906 41900433 3528 41896906 41897061 156 41900274 41900433 160 88.12 Chr1
41992088 41996675 4588 41992088 41992279 192 41996484 41996675 192 87.50 Chr1
42128549 42135947 7399 42128549 42128913 365 42135585 42135947 363 96.71 Chr1
42206366 42212297 5932 42206366 42206648 283 42212005 42212297 293 94.88 Chr1
42429765 42442006 12242 42429765 42429915 151 42441852 42442006 155 90.32 Chr1
42494114 42505768 11655 42494114 42495740 1627 42504137 42505768 1632 98.90 Chr1
42507645 42520521 12877 42507645 42510976 3332 42517193 42520521 3329 99.82 Chr1
42527481 42532073 4593 42527481 42527652 172 42531894 42532073 180 93.33 Chr1
42700175 42705012 4838 42700175 42700909 735 42704282 42705012 731 94.42 Chr1
42785988 42793753 7766 42785988 42786431 444 42793311 42793753 443 98.42 Chr1
42887770 42903183 15414 42887770 42888848 1079 42902105 42903183 1079 99.91 Chr1
42925644 42927348 1705 42925644 42925748 105 42927241 42927348 108 86.11 Chr1
42934067 42941561 7495 42934067 42934498 432 42941125 42941561 437 98.40 Chr1
43023146 43025384 2239 43023146 43023569 424 43024962 43025384 423 91.04 Chr1
43026345 43039302 12958 43026345 43027585 1241 43038060 43039302 1243 99.60 Chr1
43110684 43111923 1240 43110684 43110843 160 43111764 43111923 160 88.75 Chr1
43256448 43269331 12884 43256448 43257532 1085 43268246 43269331 1086 98.80 Chr1
138825 144680 5856 138825 139195 371 144310 144680 371 94.07 Chr2
320579 331916 11338 320579 321027 449 331472 331916 445 98.44 Chr2
460607 465567 4961 460607 460822 216 465350 465567 218 97.71 Chr2
483388 492416 9029 483388 483558 171 492243 492416 174 94.25 Chr2
1252064 1257546 5483 1252064 1252291 228 1257318 1257546 229 98.25 Chr2
1265286 1274975 9690 1265286 1265416 131 1274849 1274975 127 93.13 Chr2
1420827 1424894 4068 1420827 1421223 397 1424510 1424894 385 92.95 Chr2
1755166 1766547 11382 1755166 1755373 208 1766349 1766547 199 87.98 Chr2
1767932 1772818 4887 1767932 1768136 205 1772613 1772818 206 99.03 Chr2
1802032 1814985 12954 1802032 1803123 1092 1813897 1814985 1089 99.45 Chr2
2222682 2227117 4436 2222682 2223482 801 2226315 2227117 803 97.14 Chr2
3285224 3289629 4406 3285224 3285715 492 3289134 3289629 496 89.31 Chr2
3321501 3323093 1593 3321501 3321600 100 3322989 3323093 105 87.62 Chr2
3433921 3439688 5768 3433921 3434308 388 3439298 3439688 391 97.44 Chr2
3460424 3465909 5486 3460424 3460601 178 3465730 3465909 180 95.56 Chr2
3591843 3593009 1167 3591843 3591955 113 3592896 3593009 114 92.11 Chr2
3646146 3651101 4956 3646146 3646249 104 3650998 3651101 104 95.19 Chr2
3681180 3686055 4876 3681180 3681340 161 3685895 3686055 161 85.71 Chr2
3731742 3739336 7595 3731742 3731897 156 3739183 3739336 154 92.31 Chr2
3804282 3809991 5710 3804282 3804922 641 3809357 3809991 635 98.13 Chr2
3897342 3908645 11304 3897342 3897784 443 3908203 3908645 443 99.77 Chr2
3911179 3924050 12872 3911179 3912261 1083 3922970 3924050 1081 99.72 Chr2
4019863 4021270 1408 4019863 4019987 125 4021156 4021270 115 85.60 Chr2
4318403 4319630 1228 4318403 4318507 105 4319524 4319630 107 85.98 Chr2
4739995 4755119 15125 4739995 4740991 997 4754119 4755119 1001 94.71 Chr2
4786582 4793338 6757 4786582 4787143 562 4792775 4793338 564 87.41 Chr2
4796489 4800845 4357 4796489 4796595 107 4800740 4800845 106 92.52 Chr2
4825334 4830263 4930 4825334 4825791 458 4829800 4830263 464 86.21 Chr2
4982541 4996488 13948 4982541 4983179 639 4995852 4996488 637 93.58 Chr2
5427913 5439366 11454 5427913 5428475 563 5438801 5439366 566 97.17 Chr2
5555007 5566698 11692 5555007 5555275 269 5566435 5566698 264 88.48 Chr2
5777157 5779018 1862 5777157 5777276 120 5778902 5779018 117 85.00 Chr2
6002853 6008837 5985 6002853 6003115 263 6008586 6008837 252 91.63 Chr2
6216369 6219627 3259 6216369 6216554 186 6219439 6219627 189 87.83 Chr2
6352201 6355192 2992 6352201 6352453 253 6354941 6355192 252 93.68 Chr2
6553742 6556674 2933 6553742 6554446 705 6555978 6556674 697 97.87 Chr2
6645226 6649300 4075 6645226 6645394 169 6649127 6649300 174 88.51 Chr2
6768285 6774908 6624 6768285 6768430 146 6774768 6774908 141 89.04 Chr2
6860368 6866763 6396 6860368 6860853 486 6866277 6866763 487 99.79 Chr2
